# JRE version: OpenJDK Runtime Environment Temurin-21.0.7+6 (21.0.7+6) (build 21.0.7+6-LTS)
# Java VM: OpenJDK 64-Bit Server VM Temurin-21.0.7+6 (21.0.7+6-LTS, mixed mode, sharing, tiered, compressed oops, compressed class ptrs, parallel gc, windows-amd64)
GC Precious Log:
 CardTable entry size: 512
 CPUs: 12 total, 12 available
 Memory: 7824M
 Large Page Support: Disabled
 NUMA Support: Disabled
 Compressed Oops: Enabled (32-bit)
 Alignments: Space 512K, Generation 512K, Heap 2M
 Heap Min Capacity: 100M
 Heap Initial Capacity: 100M
 Heap Max Capacity: 2G
 Pre-touch: Disabled
 Parallel Workers: 10
Heap:
 PSYoungGen      total 11264K, used 11040K [0x00000000d5580000, 0x00000000d6200000, 0x0000000100000000)
  eden space 9728K, 100% used [0x00000000d5580000,0x00000000d5f00000,0x00000000d5f00000)
  from space 1536K, 85% used [0x00000000d5f00000,0x00000000d6048000,0x00000000d6080000)
  to   space 1536K, 89% used [0x00000000d6080000,0x00000000d61d8000,0x00000000d6200000)
 ParOldGen       total 815616K, used 815421K [0x0000000080000000, 0x00000000b1c80000, 0x00000000d5580000)
  object space 815616K, 99% used [0x0000000080000000,0x00000000b1c4f600,0x00000000b1c80000)
 Metaspace       used 68990K, committed 70336K, reserved 1114112K
  class space    used 7245K, committed 7872K, reserved 1048576K
GC Heap History (20 events):
Event: 118.195 GC heap before
{Heap before GC invocations=1805 (full 3):
 PSYoungGen      total 12288K, used 12224K [0x00000000d5580000, 0x00000000d6280000, 0x0000000100000000)
  eden space 11264K, 100% used [0x00000000d5580000,0x00000000d6080000,0x00000000d6080000)
  from space 1024K, 93% used [0x00000000d6080000,0x00000000d6170000,0x00000000d6180000)
  to   space 1024K, 0% used [0x00000000d6180000,0x00000000d6180000,0x00000000d6280000)
 ParOldGen       total 804352K, used 803981K [0x0000000080000000, 0x00000000b1180000, 0x00000000d5580000)
  object space 804352K, 99% used [0x0000000080000000,0x00000000b1123600,0x00000000b1180000)
 Metaspace       used 68990K, committed 70336K, reserved 1114112K
  class space    used 7245K, committed 7872K, reserved 1048576K
}
Event: 118.199 GC heap after
{Heap after GC invocations=1805 (full 3):
 PSYoungGen      total 10752K, used 1024K [0x00000000d5580000, 0x00000000d6580000, 0x0000000100000000)
  eden space 9728K, 0% used [0x00000000d5580000,0x00000000d5580000,0x00000000d5f00000)
  from space 1024K, 100% used [0x00000000d6180000,0x00000000d6280000,0x00000000d6280000)
  to   space 2560K, 0% used [0x00000000d5f00000,0x00000000d5f00000,0x00000000d6180000)
 ParOldGen       total 805376K, used 804925K [0x0000000080000000, 0x00000000b1280000, 0x00000000d5580000)
  object space 805376K, 99% used [0x0000000080000000,0x00000000b120f600,0x00000000b1280000)
 Metaspace       used 68990K, committed 70336K, reserved 1114112K
  class space    used 7245K, committed 7872K, reserved 1048576K
}
Event: 118.953 GC heap before
{Heap before GC invocations=1806 (full 3):
 PSYoungGen      total 10752K, used 10752K [0x00000000d5580000, 0x00000000d6580000, 0x0000000100000000)
  eden space 9728K, 100% used [0x00000000d5580000,0x00000000d5f00000,0x00000000d5f00000)
  from space 1024K, 100% used [0x00000000d6180000,0x00000000d6280000,0x00000000d6280000)
  to   space 2560K, 0% used [0x00000000d5f00000,0x00000000d5f00000,0x00000000d6180000)
 ParOldGen       total 805376K, used 804925K [0x0000000080000000, 0x00000000b1280000, 0x00000000d5580000)
  object space 805376K, 99% used [0x0000000080000000,0x00000000b120f600,0x00000000b1280000)
 Metaspace       used 68990K, committed 70336K, reserved 1114112K
  class space    used 7245K, committed 7872K, reserved 1048576K
}
Event: 118.957 GC heap after
{Heap after GC invocations=1806 (full 3):
 PSYoungGen      total 10752K, used 960K [0x00000000d5580000, 0x00000000d6200000, 0x0000000100000000)
  eden space 9728K, 0% used [0x00000000d5580000,0x00000000d5580000,0x00000000d5f00000)
  from space 1024K, 93% used [0x00000000d5f00000,0x00000000d5ff0000,0x00000000d6000000)
  to   space 1536K, 0% used [0x00000000d6080000,0x00000000d6080000,0x00000000d6200000)
 ParOldGen       total 806400K, used 805893K [0x0000000080000000, 0x00000000b1380000, 0x00000000d5580000)
  object space 806400K, 99% used [0x0000000080000000,0x00000000b1301600,0x00000000b1380000)
 Metaspace       used 68990K, committed 70336K, reserved 1114112K
  class space    used 7245K, committed 7872K, reserved 1048576K
}
Event: 119.665 GC heap before
{Heap before GC invocations=1807 (full 3):
 PSYoungGen      total 10752K, used 10688K [0x00000000d5580000, 0x00000000d6200000, 0x0000000100000000)
  eden space 9728K, 100% used [0x00000000d5580000,0x00000000d5f00000,0x00000000d5f00000)
  from space 1024K, 93% used [0x00000000d5f00000,0x00000000d5ff0000,0x00000000d6000000)
  to   space 1536K, 0% used [0x00000000d6080000,0x00000000d6080000,0x00000000d6200000)
 ParOldGen       total 806400K, used 805893K [0x0000000080000000, 0x00000000b1380000, 0x00000000d5580000)
  object space 806400K, 99% used [0x0000000080000000,0x00000000b1301600,0x00000000b1380000)
 Metaspace       used 68990K, committed 70336K, reserved 1114112K
  class space    used 7245K, committed 7872K, reserved 1048576K
}
Event: 119.668 GC heap after
{Heap after GC invocations=1807 (full 3):
 PSYoungGen      total 11264K, used 1216K [0x00000000d5580000, 0x00000000d6200000, 0x0000000100000000)
  eden space 9728K, 0% used [0x00000000d5580000,0x00000000d5580000,0x00000000d5f00000)
  from space 1536K, 79% used [0x00000000d6080000,0x00000000d61b0000,0x00000000d6200000)
  to   space 1536K, 0% used [0x00000000d5f00000,0x00000000d5f00000,0x00000000d6080000)
 ParOldGen       total 806912K, used 806653K [0x0000000080000000, 0x00000000b1400000, 0x00000000d5580000)
  object space 806912K, 99% used [0x0000000080000000,0x00000000b13bf600,0x00000000b1400000)
 Metaspace       used 68990K, committed 70336K, reserved 1114112K
  class space    used 7245K, committed 7872K, reserved 1048576K
}
Event: 120.276 GC heap before
{Heap before GC invocations=1808 (full 3):
 PSYoungGen      total 11264K, used 10940K [0x00000000d5580000, 0x00000000d6200000, 0x0000000100000000)
  eden space 9728K, 99% used [0x00000000d5580000,0x00000000d5eff2d8,0x00000000d5f00000)
  from space 1536K, 79% used [0x00000000d6080000,0x00000000d61b0000,0x00000000d6200000)
  to   space 1536K, 0% used [0x00000000d5f00000,0x00000000d5f00000,0x00000000d6080000)
 ParOldGen       total 806912K, used 806653K [0x0000000080000000, 0x00000000b1400000, 0x00000000d5580000)
  object space 806912K, 99% used [0x0000000080000000,0x00000000b13bf600,0x00000000b1400000)
 Metaspace       used 68990K, committed 70336K, reserved 1114112K
  class space    used 7245K, committed 7872K, reserved 1048576K
}
Event: 120.279 GC heap after
{Heap after GC invocations=1808 (full 3):
 PSYoungGen      total 11264K, used 1216K [0x00000000d5580000, 0x00000000d6200000, 0x0000000100000000)
  eden space 9728K, 0% used [0x00000000d5580000,0x00000000d5580000,0x00000000d5f00000)
  from space 1536K, 79% used [0x00000000d5f00000,0x00000000d6030000,0x00000000d6080000)
  to   space 1536K, 0% used [0x00000000d6080000,0x00000000d6080000,0x00000000d6200000)
 ParOldGen       total 807936K, used 807685K [0x0000000080000000, 0x00000000b1500000, 0x00000000d5580000)
  object space 807936K, 99% used [0x0000000080000000,0x00000000b14c1600,0x00000000b1500000)
 Metaspace       used 68990K, committed 70336K, reserved 1114112K
  class space    used 7245K, committed 7872K, reserved 1048576K
}
Event: 121.024 GC heap before
{Heap before GC invocations=1809 (full 3):
 PSYoungGen      total 11264K, used 10944K [0x00000000d5580000, 0x00000000d6200000, 0x0000000100000000)
  eden space 9728K, 100% used [0x00000000d5580000,0x00000000d5f00000,0x00000000d5f00000)
  from space 1536K, 79% used [0x00000000d5f00000,0x00000000d6030000,0x00000000d6080000)
  to   space 1536K, 0% used [0x00000000d6080000,0x00000000d6080000,0x00000000d6200000)
 ParOldGen       total 807936K, used 807685K [0x0000000080000000, 0x00000000b1500000, 0x00000000d5580000)
  object space 807936K, 99% used [0x0000000080000000,0x00000000b14c1600,0x00000000b1500000)
 Metaspace       used 68990K, committed 70336K, reserved 1114112K
  class space    used 7245K, committed 7872K, reserved 1048576K
}
Event: 121.030 GC heap after
{Heap after GC invocations=1809 (full 3):
 PSYoungGen      total 11264K, used 1216K [0x00000000d5580000, 0x00000000d6200000, 0x0000000100000000)
  eden space 9728K, 0% used [0x00000000d5580000,0x00000000d5580000,0x00000000d5f00000)
  from space 1536K, 79% used [0x00000000d6080000,0x00000000d61b0000,0x00000000d6200000)
  to   space 1536K, 0% used [0x00000000d5f00000,0x00000000d5f00000,0x00000000d6080000)
 ParOldGen       total 808960K, used 808781K [0x0000000080000000, 0x00000000b1600000, 0x00000000d5580000)
  object space 808960K, 99% used [0x0000000080000000,0x00000000b15d3600,0x00000000b1600000)
 Metaspace       used 68990K, committed 70336K, reserved 1114112K
  class space    used 7245K, committed 7872K, reserved 1048576K
}
Event: 121.200 GC heap before
{Heap before GC invocations=1810 (full 3):
 PSYoungGen      total 11264K, used 10942K [0x00000000d5580000, 0x00000000d6200000, 0x0000000100000000)
  eden space 9728K, 99% used [0x00000000d5580000,0x00000000d5effb18,0x00000000d5f00000)
  from space 1536K, 79% used [0x00000000d6080000,0x00000000d61b0000,0x00000000d6200000)
  to   space 1536K, 0% used [0x00000000d5f00000,0x00000000d5f00000,0x00000000d6080000)
 ParOldGen       total 808960K, used 808781K [0x0000000080000000, 0x00000000b1600000, 0x00000000d5580000)
  object space 808960K, 99% used [0x0000000080000000,0x00000000b15d3600,0x00000000b1600000)
 Metaspace       used 68990K, committed 70336K, reserved 1114112K
  class space    used 7245K, committed 7872K, reserved 1048576K
}
Event: 121.223 GC heap after
{Heap after GC invocations=1810 (full 3):
 PSYoungGen      total 11264K, used 1280K [0x00000000d5580000, 0x00000000d6200000, 0x0000000100000000)
  eden space 9728K, 0% used [0x00000000d5580000,0x00000000d5580000,0x00000000d5f00000)
  from space 1536K, 83% used [0x00000000d5f00000,0x00000000d6040000,0x00000000d6080000)
  to   space 1536K, 0% used [0x00000000d6080000,0x00000000d6080000,0x00000000d6200000)
 ParOldGen       total 809984K, used 809885K [0x0000000080000000, 0x00000000b1700000, 0x00000000d5580000)
  object space 809984K, 99% used [0x0000000080000000,0x00000000b16e7600,0x00000000b1700000)
 Metaspace       used 68990K, committed 70336K, reserved 1114112K
  class space    used 7245K, committed 7872K, reserved 1048576K
}
Event: 121.322 GC heap before
{Heap before GC invocations=1811 (full 3):
 PSYoungGen      total 11264K, used 11008K [0x00000000d5580000, 0x00000000d6200000, 0x0000000100000000)
  eden space 9728K, 100% used [0x00000000d5580000,0x00000000d5f00000,0x00000000d5f00000)
  from space 1536K, 83% used [0x00000000d5f00000,0x00000000d6040000,0x00000000d6080000)
  to   space 1536K, 0% used [0x00000000d6080000,0x00000000d6080000,0x00000000d6200000)
 ParOldGen       total 809984K, used 809885K [0x0000000080000000, 0x00000000b1700000, 0x00000000d5580000)
  object space 809984K, 99% used [0x0000000080000000,0x00000000b16e7600,0x00000000b1700000)
 Metaspace       used 68990K, committed 70336K, reserved 1114112K
  class space    used 7245K, committed 7872K, reserved 1048576K
}
Event: 121.326 GC heap after
{Heap after GC invocations=1811 (full 3):
 PSYoungGen      total 11264K, used 1280K [0x00000000d5580000, 0x00000000d6200000, 0x0000000100000000)
  eden space 9728K, 0% used [0x00000000d5580000,0x00000000d5580000,0x00000000d5f00000)
  from space 1536K, 83% used [0x00000000d6080000,0x00000000d61c0000,0x00000000d6200000)
  to   space 1536K, 0% used [0x00000000d5f00000,0x00000000d5f00000,0x00000000d6080000)
 ParOldGen       total 811008K, used 810957K [0x0000000080000000, 0x00000000b1800000, 0x00000000d5580000)
  object space 811008K, 99% used [0x0000000080000000,0x00000000b17f3600,0x00000000b1800000)
 Metaspace       used 68990K, committed 70336K, reserved 1114112K
  class space    used 7245K, committed 7872K, reserved 1048576K
}
Event: 121.351 GC heap before
{Heap before GC invocations=1812 (full 3):
 PSYoungGen      total 11264K, used 11008K [0x00000000d5580000, 0x00000000d6200000, 0x0000000100000000)
  eden space 9728K, 100% used [0x00000000d5580000,0x00000000d5f00000,0x00000000d5f00000)
  from space 1536K, 83% used [0x00000000d6080000,0x00000000d61c0000,0x00000000d6200000)
  to   space 1536K, 0% used [0x00000000d5f00000,0x00000000d5f00000,0x00000000d6080000)
 ParOldGen       total 811008K, used 810957K [0x0000000080000000, 0x00000000b1800000, 0x00000000d5580000)
  object space 811008K, 99% used [0x0000000080000000,0x00000000b17f3600,0x00000000b1800000)
 Metaspace       used 68990K, committed 70336K, reserved 1114112K
  class space    used 7245K, committed 7872K, reserved 1048576K
}
Event: 121.354 GC heap after
{Heap after GC invocations=1812 (full 3):
 PSYoungGen      total 11264K, used 1408K [0x00000000d5580000, 0x00000000d6200000, 0x0000000100000000)
  eden space 9728K, 0% used [0x00000000d5580000,0x00000000d5580000,0x00000000d5f00000)
  from space 1536K, 91% used [0x00000000d5f00000,0x00000000d6060000,0x00000000d6080000)
  to   space 1536K, 0% used [0x00000000d6080000,0x00000000d6080000,0x00000000d6200000)
 ParOldGen       total 812544K, used 812053K [0x0000000080000000, 0x00000000b1980000, 0x00000000d5580000)
  object space 812544K, 99% used [0x0000000080000000,0x00000000b1905600,0x00000000b1980000)
 Metaspace       used 68990K, committed 70336K, reserved 1114112K
  class space    used 7245K, committed 7872K, reserved 1048576K
}
Event: 121.374 GC heap before
{Heap before GC invocations=1813 (full 3):
 PSYoungGen      total 11264K, used 11136K [0x00000000d5580000, 0x00000000d6200000, 0x0000000100000000)
  eden space 9728K, 100% used [0x00000000d5580000,0x00000000d5f00000,0x00000000d5f00000)
  from space 1536K, 91% used [0x00000000d5f00000,0x00000000d6060000,0x00000000d6080000)
  to   space 1536K, 0% used [0x00000000d6080000,0x00000000d6080000,0x00000000d6200000)
 ParOldGen       total 812544K, used 812053K [0x0000000080000000, 0x00000000b1980000, 0x00000000d5580000)
  object space 812544K, 99% used [0x0000000080000000,0x00000000b1905600,0x00000000b1980000)
 Metaspace       used 68990K, committed 70336K, reserved 1114112K
  class space    used 7245K, committed 7872K, reserved 1048576K
}
Event: 121.377 GC heap after
{Heap after GC invocations=1813 (full 3):
 PSYoungGen      total 11264K, used 1363K [0x00000000d5580000, 0x00000000d6200000, 0x0000000100000000)
  eden space 9728K, 0% used [0x00000000d5580000,0x00000000d5580000,0x00000000d5f00000)
  from space 1536K, 88% used [0x00000000d6080000,0x00000000d61d4ce0,0x00000000d6200000)
  to   space 1536K, 0% used [0x00000000d5f00000,0x00000000d5f00000,0x00000000d6080000)
 ParOldGen       total 813568K, used 813269K [0x0000000080000000, 0x00000000b1a80000, 0x00000000d5580000)
  object space 813568K, 99% used [0x0000000080000000,0x00000000b1a35600,0x00000000b1a80000)
 Metaspace       used 68990K, committed 70336K, reserved 1114112K
  class space    used 7245K, committed 7872K, reserved 1048576K
}
Event: 121.403 GC heap before
{Heap before GC invocations=1814 (full 3):
 PSYoungGen      total 11264K, used 11091K [0x00000000d5580000, 0x00000000d6200000, 0x0000000100000000)
  eden space 9728K, 100% used [0x00000000d5580000,0x00000000d5f00000,0x00000000d5f00000)
  from space 1536K, 88% used [0x00000000d6080000,0x00000000d61d4ce0,0x00000000d6200000)
  to   space 1536K, 0% used [0x00000000d5f00000,0x00000000d5f00000,0x00000000d6080000)
 ParOldGen       total 813568K, used 813269K [0x0000000080000000, 0x00000000b1a80000, 0x00000000d5580000)
  object space 813568K, 99% used [0x0000000080000000,0x00000000b1a35600,0x00000000b1a80000)
 Metaspace       used 68990K, committed 70336K, reserved 1114112K
  class space    used 7245K, committed 7872K, reserved 1048576K
}
Event: 121.406 GC heap after
{Heap after GC invocations=1814 (full 3):
 PSYoungGen      total 11264K, used 1312K [0x00000000d5580000, 0x00000000d6200000, 0x0000000100000000)
  eden space 9728K, 0% used [0x00000000d5580000,0x00000000d5580000,0x00000000d5f00000)
  from space 1536K, 85% used [0x00000000d5f00000,0x00000000d6048000,0x00000000d6080000)
  to   space 1536K, 0% used [0x00000000d6080000,0x00000000d6080000,0x00000000d6200000)
 ParOldGen       total 814592K, used 814405K [0x0000000080000000, 0x00000000b1b80000, 0x00000000d5580000)
  object space 814592K, 99% used [0x0000000080000000,0x00000000b1b51600,0x00000000b1b80000)
 Metaspace       used 68990K, committed 70336K, reserved 1114112K
  class space    used 7245K, committed 7872K, reserved 1048576K
}

